<?xml version="1.0" encoding="UTF-8"?>
<!-- Generated by org.testng.reporters.JUnitReportReporter -->
<testsuite hostname="LAPTOP_029" name="seleniumtips.TestAllLinks" tests="1" failures="0" timestamp="14 Nov 2017 11:06:29 GMT" time="10.434" errors="0">
  <testcase name="testLinks" time="10.434" classname="seleniumtips.TestAllLinks"/>
</testsuite> <!-- seleniumtips.TestAllLinks -->
